# JRE version: OpenJDK Runtime Environment Temurin-17.0.1+12 (17.0.1+12) (build 17.0.1+12)
# Java VM: OpenJDK 64-Bit Server VM Temurin-17.0.1+12 (17.0.1+12, mixed mode, tiered, compressed oops, compressed class ptrs, g1 gc, windows-amd64)
GC Precious Log:
 CPUs: 12 total, 12 available
 Memory: 16278M
 Large Page Support: Disabled
 NUMA Support: Disabled
 Compressed Oops: Enabled (Zero based)
 Heap Region Size: 2M
 Heap Min Capacity: 8M
 Heap Initial Capacity: 256M
 Heap Max Capacity: 4070M
 Pre-touch: Disabled
 Parallel Workers: 10
 Concurrent Workers: 3
 Concurrent Refinement Workers: 10
 Periodic GC: Disabled
Heap:
 garbage-first heap   total 90112K, used 27943K [0x0000000701a00000, 0x0000000800000000)
  region size 2048K, 4 young (8192K), 1 survivors (2048K)
 Metaspace       used 36293K, committed 36864K, reserved 1089536K
  class space    used 4191K, committed 4416K, reserved 1048576K
GC Heap History (18 events):
Event: 1.099 GC heap before
{Heap before GC invocations=0 (full 0):
 garbage-first heap   total 262144K, used 20480K [0x0000000701a00000, 0x0000000800000000)
  region size 2048K, 11 young (22528K), 0 survivors (0K)
 Metaspace       used 16694K, committed 16896K, reserved 1064960K
  class space    used 1701K, committed 1792K, reserved 1048576K
}
Event: 1.106 GC heap after
{Heap after GC invocations=1 (full 0):
 garbage-first heap   total 262144K, used 5618K [0x0000000701a00000, 0x0000000800000000)
  region size 2048K, 2 young (4096K), 2 survivors (4096K)
 Metaspace       used 16694K, committed 16896K, reserved 1064960K
  class space    used 1701K, committed 1792K, reserved 1048576K
}
Event: 1.641 GC heap before
{Heap before GC invocations=1 (full 0):
 garbage-first heap   total 262144K, used 19954K [0x0000000701a00000, 0x0000000800000000)
  region size 2048K, 10 young (20480K), 2 survivors (4096K)
 Metaspace       used 21336K, committed 21504K, reserved 1073152K
  class space    used 2227K, committed 2304K, reserved 1048576K
}
Event: 1.644 GC heap after
{Heap after GC invocations=2 (full 0):
 garbage-first heap   total 262144K, used 7182K [0x0000000701a00000, 0x0000000800000000)
  region size 2048K, 1 young (2048K), 1 survivors (2048K)
 Metaspace       used 21336K, committed 21504K, reserved 1073152K
  class space    used 2227K, committed 2304K, reserved 1048576K
}
Event: 1.958 GC heap before
{Heap before GC invocations=3 (full 0):
 garbage-first heap   total 34816K, used 19470K [0x0000000701a00000, 0x0000000800000000)
  region size 2048K, 9 young (18432K), 1 survivors (2048K)
 Metaspace       used 24616K, committed 24896K, reserved 1073152K
  class space    used 2557K, committed 2688K, reserved 1048576K
}
Event: 1.961 GC heap after
{Heap after GC invocations=4 (full 0):
 garbage-first heap   total 34816K, used 8938K [0x0000000701a00000, 0x0000000800000000)
  region size 2048K, 2 young (4096K), 2 survivors (4096K)
 Metaspace       used 24616K, committed 24896K, reserved 1073152K
  class space    used 2557K, committed 2688K, reserved 1048576K
}
Event: 1.975 GC heap before
{Heap before GC invocations=4 (full 0):
 garbage-first heap   total 34816K, used 10986K [0x0000000701a00000, 0x0000000800000000)
  region size 2048K, 3 young (6144K), 2 survivors (4096K)
 Metaspace       used 24629K, committed 24896K, reserved 1073152K
  class space    used 2557K, committed 2688K, reserved 1048576K
}
Event: 1.979 GC heap after
{Heap after GC invocations=5 (full 0):
 garbage-first heap   total 34816K, used 9162K [0x0000000701a00000, 0x0000000800000000)
  region size 2048K, 1 young (2048K), 1 survivors (2048K)
 Metaspace       used 24629K, committed 24896K, reserved 1073152K
  class space    used 2557K, committed 2688K, reserved 1048576K
}
Event: 2.115 GC heap before
{Heap before GC invocations=5 (full 0):
 garbage-first heap   total 34816K, used 19402K [0x0000000701a00000, 0x0000000800000000)
  region size 2048K, 6 young (12288K), 1 survivors (2048K)
 Metaspace       used 25116K, committed 25280K, reserved 1073152K
  class space    used 2607K, committed 2688K, reserved 1048576K
}
Event: 2.117 GC heap after
{Heap after GC invocations=6 (full 0):
 garbage-first heap   total 34816K, used 11824K [0x0000000701a00000, 0x0000000800000000)
  region size 2048K, 1 young (2048K), 1 survivors (2048K)
 Metaspace       used 25116K, committed 25280K, reserved 1073152K
  class space    used 2607K, committed 2688K, reserved 1048576K
}
Event: 2.330 GC heap before
{Heap before GC invocations=6 (full 0):
 garbage-first heap   total 34816K, used 22064K [0x0000000701a00000, 0x0000000800000000)
  region size 2048K, 6 young (12288K), 1 survivors (2048K)
 Metaspace       used 26977K, committed 27264K, reserved 1081344K
  class space    used 2748K, committed 2880K, reserved 1048576K
}
Event: 2.333 GC heap after
{Heap after GC invocations=7 (full 0):
 garbage-first heap   total 34816K, used 13681K [0x0000000701a00000, 0x0000000800000000)
  region size 2048K, 1 young (2048K), 1 survivors (2048K)
 Metaspace       used 26977K, committed 27264K, reserved 1081344K
  class space    used 2748K, committed 2880K, reserved 1048576K
}
Event: 2.569 GC heap before
{Heap before GC invocations=7 (full 0):
 garbage-first heap   total 34816K, used 23921K [0x0000000701a00000, 0x0000000800000000)
  region size 2048K, 6 young (12288K), 1 survivors (2048K)
 Metaspace       used 27754K, committed 28032K, reserved 1081344K
  class space    used 2868K, committed 3008K, reserved 1048576K
}
Event: 2.572 GC heap after
{Heap after GC invocations=8 (full 0):
 garbage-first heap   total 149504K, used 15976K [0x0000000701a00000, 0x0000000800000000)
  region size 2048K, 1 young (2048K), 1 survivors (2048K)
 Metaspace       used 27754K, committed 28032K, reserved 1081344K
  class space    used 2868K, committed 3008K, reserved 1048576K
}
Event: 3.390 GC heap before
{Heap before GC invocations=8 (full 0):
 garbage-first heap   total 149504K, used 87656K [0x0000000701a00000, 0x0000000800000000)
  region size 2048K, 36 young (73728K), 1 survivors (2048K)
 Metaspace       used 32870K, committed 33344K, reserved 1081344K
  class space    used 3779K, committed 3968K, reserved 1048576K
}
Event: 3.397 GC heap after
{Heap after GC invocations=9 (full 0):
 garbage-first heap   total 149504K, used 22494K [0x0000000701a00000, 0x0000000800000000)
  region size 2048K, 5 young (10240K), 5 survivors (10240K)
 Metaspace       used 32870K, committed 33344K, reserved 1081344K
  class space    used 3779K, committed 3968K, reserved 1048576K
}
Event: 3.709 GC heap before
{Heap before GC invocations=9 (full 0):
 garbage-first heap   total 149504K, used 36830K [0x0000000701a00000, 0x0000000800000000)
  region size 2048K, 13 young (26624K), 5 survivors (10240K)
 Metaspace       used 35412K, committed 35968K, reserved 1081344K
  class space    used 4098K, committed 4352K, reserved 1048576K
}
Event: 3.717 GC heap after
{Heap after GC invocations=10 (full 0):
 garbage-first heap   total 149504K, used 23847K [0x0000000701a00000, 0x0000000800000000)
  region size 2048K, 1 young (2048K), 1 survivors (2048K)
 Metaspace       used 35412K, committed 35968K, reserved 1081344K
  class space    used 4098K, committed 4352K, reserved 1048576K
}

