<?xml version="1.0" encoding="UTF-8"?>
<testng-results skipped="0" failed="0" ignored="0" total="1" passed="1">
  <reporter-output>
  </reporter-output>
  <suite name="Suite" duration-ms="1524" started-at="2022-05-29T06:47:14Z" finished-at="2022-05-29T06:47:15Z">
    <groups>
    </groups>
    <test name="Test" duration-ms="1524" started-at="2022-05-29T06:47:14Z" finished-at="2022-05-29T06:47:15Z">
      <class name="apiChaining.EndToEndTest">
        <test-method status="PASS" signature="test1()[pri:0, instance:apiChaining.EndToEndTest@1df82230]" name="test1" duration-ms="1509" started-at="2022-05-29T06:47:14Z" finished-at="2022-05-29T06:47:15Z">
          <reporter-output>
          </reporter-output>
        </test-method> <!-- test1 -->
      </class> <!-- apiChaining.EndToEndTest -->
    </test> <!-- Test -->
  </suite> <!-- Suite -->
</testng-results>
